--------------------------------------------------------------------------------
Release 12.4 Trace  (nt64)
Copyright (c) 1995-2010 Xilinx, Inc.  All rights reserved.

C:\Xilinx\12.4\ISE_DS\ISE\bin\nt64\unwrapped\trce.exe -intstyle ise -v 3 -s 4
-n 3 -fastpaths -xml LeftShifter.twx LeftShifter.ncd -o LeftShifter.twr
LeftShifter.pcf

Design file:              LeftShifter.ncd
Physical constraint file: LeftShifter.pcf
Device,package,speed:     xc3s400,pq208,-4 (PRODUCTION 1.39 2010-11-18)
Report level:             verbose report

Environment Variable      Effect 
--------------------      ------ 
NONE                      No environment variables were set
--------------------------------------------------------------------------------

INFO:Timing:2698 - No timing constraints found, doing default enumeration.
INFO:Timing:2752 - To get complete path coverage, use the unconstrained paths 
   option. All paths that are not constrained will be reported in the 
   unconstrained paths section(s) of the report.
INFO:Timing:3339 - The clock-to-out numbers in this timing report are based on 
   a 50 Ohm transmission line loading model.  For the details of this model, 
   and for more information on accounting for different loading conditions, 
   please see the device datasheet.
INFO:Timing:3390 - This architecture does not support a default System Jitter 
   value, please add SYSTEM_JITTER constraint to the UCF to modify the Clock 
   Uncertainty calculation.
INFO:Timing:3389 - This architecture does not support 'Discrete Jitter' and 
   'Phase Error' calculations, these terms will be zero in the Clock 
   Uncertainty calculation.  Please make appropriate modification to 
   SYSTEM_JITTER to account for the unsupported Discrete Jitter and Phase 
   Error.



Data Sheet report:
-----------------
All values displayed in nanoseconds (ns)

Pad to Pad
---------------+---------------+---------+
Source Pad     |Destination Pad|  Delay  |
---------------+---------------+---------+
in<0>          |out<0>         |   10.655|
in<0>          |out<1>         |   16.211|
in<0>          |out<2>         |   12.733|
in<0>          |out<3>         |   15.933|
in<0>          |out<4>         |   12.402|
in<0>          |out<5>         |   15.767|
in<0>          |out<6>         |   13.725|
in<0>          |out<7>         |   16.525|
in<0>          |out<8>         |   13.305|
in<0>          |out<9>         |   17.755|
in<0>          |out<10>        |   12.949|
in<0>          |out<11>        |   16.439|
in<0>          |out<12>        |   13.696|
in<0>          |out<13>        |   16.921|
in<0>          |out<14>        |   13.213|
in<0>          |out<15>        |   16.128|
in<0>          |out<16>        |   12.452|
in<0>          |out<17>        |   16.438|
in<0>          |out<18>        |   11.979|
in<0>          |out<19>        |   17.552|
in<0>          |out<20>        |   13.160|
in<0>          |out<21>        |   17.471|
in<0>          |out<22>        |   14.659|
in<0>          |out<23>        |   16.783|
in<0>          |out<24>        |   12.993|
in<0>          |out<25>        |   17.137|
in<0>          |out<26>        |   12.382|
in<0>          |out<27>        |   16.509|
in<0>          |out<28>        |   13.754|
in<0>          |out<29>        |   17.100|
in<0>          |out<30>        |   14.006|
in<0>          |out<31>        |   17.415|
in<1>          |out<1>         |   14.469|
in<1>          |out<2>         |   15.759|
in<1>          |out<3>         |   14.191|
in<1>          |out<4>         |   15.440|
in<1>          |out<5>         |   14.025|
in<1>          |out<6>         |   16.751|
in<1>          |out<7>         |   14.783|
in<1>          |out<8>         |   17.603|
in<1>          |out<9>         |   16.013|
in<1>          |out<10>        |   15.975|
in<1>          |out<11>        |   14.697|
in<1>          |out<12>        |   16.734|
in<1>          |out<13>        |   15.179|
in<1>          |out<14>        |   16.239|
in<1>          |out<15>        |   14.386|
in<1>          |out<16>        |   15.458|
in<1>          |out<17>        |   14.696|
in<1>          |out<18>        |   15.005|
in<1>          |out<19>        |   15.810|
in<1>          |out<20>        |   16.198|
in<1>          |out<21>        |   15.729|
in<1>          |out<22>        |   17.685|
in<1>          |out<23>        |   15.041|
in<1>          |out<24>        |   17.291|
in<1>          |out<25>        |   15.395|
in<1>          |out<26>        |   15.408|
in<1>          |out<27>        |   14.767|
in<1>          |out<28>        |   16.792|
in<1>          |out<29>        |   15.358|
in<1>          |out<30>        |   17.032|
in<1>          |out<31>        |   15.673|
in<2>          |out<2>         |   14.643|
in<2>          |out<3>         |   14.145|
in<2>          |out<4>         |   14.324|
in<2>          |out<5>         |   15.997|
in<2>          |out<6>         |   15.635|
in<2>          |out<7>         |   14.854|
in<2>          |out<8>         |   16.487|
in<2>          |out<9>         |   16.302|
in<2>          |out<10>        |   14.859|
in<2>          |out<11>        |   14.651|
in<2>          |out<12>        |   15.618|
in<2>          |out<13>        |   17.151|
in<2>          |out<14>        |   15.123|
in<2>          |out<15>        |   14.457|
in<2>          |out<16>        |   14.342|
in<2>          |out<17>        |   15.928|
in<2>          |out<18>        |   13.889|
in<2>          |out<19>        |   15.764|
in<2>          |out<20>        |   15.082|
in<2>          |out<21>        |   17.701|
in<2>          |out<22>        |   16.569|
in<2>          |out<23>        |   15.112|
in<2>          |out<24>        |   16.175|
in<2>          |out<25>        |   15.853|
in<2>          |out<26>        |   14.292|
in<2>          |out<27>        |   14.721|
in<2>          |out<28>        |   15.676|
in<2>          |out<29>        |   17.330|
in<2>          |out<30>        |   15.916|
in<2>          |out<31>        |   15.744|
in<3>          |out<3>         |   14.970|
in<3>          |out<4>         |   14.554|
in<3>          |out<5>         |   16.822|
in<3>          |out<6>         |   14.738|
in<3>          |out<7>         |   15.679|
in<3>          |out<8>         |   16.717|
in<3>          |out<9>         |   17.127|
in<3>          |out<10>        |   14.580|
in<3>          |out<11>        |   15.476|
in<3>          |out<12>        |   15.848|
in<3>          |out<13>        |   17.976|
in<3>          |out<14>        |   14.226|
in<3>          |out<15>        |   15.282|
in<3>          |out<16>        |   14.572|
in<3>          |out<17>        |   16.753|
in<3>          |out<18>        |   13.332|
in<3>          |out<19>        |   16.589|
in<3>          |out<20>        |   15.312|
in<3>          |out<21>        |   18.526|
in<3>          |out<22>        |   15.672|
in<3>          |out<23>        |   15.937|
in<3>          |out<24>        |   16.405|
in<3>          |out<25>        |   16.678|
in<3>          |out<26>        |   14.104|
in<3>          |out<27>        |   15.546|
in<3>          |out<28>        |   15.906|
in<3>          |out<29>        |   18.155|
in<3>          |out<30>        |   15.019|
in<3>          |out<31>        |   16.569|
in<4>          |out<4>         |   14.244|
in<4>          |out<5>         |   15.720|
in<4>          |out<6>         |   14.428|
in<4>          |out<7>         |   14.439|
in<4>          |out<8>         |   16.407|
in<4>          |out<9>         |   16.025|
in<4>          |out<10>        |   14.270|
in<4>          |out<11>        |   15.433|
in<4>          |out<12>        |   15.538|
in<4>          |out<13>        |   16.874|
in<4>          |out<14>        |   13.916|
in<4>          |out<15>        |   14.042|
in<4>          |out<16>        |   14.262|
in<4>          |out<17>        |   15.651|
in<4>          |out<18>        |   13.022|
in<4>          |out<19>        |   15.728|
in<4>          |out<20>        |   15.002|
in<4>          |out<21>        |   17.424|
in<4>          |out<22>        |   15.362|
in<4>          |out<23>        |   14.697|
in<4>          |out<24>        |   16.095|
in<4>          |out<25>        |   15.576|
in<4>          |out<26>        |   13.794|
in<4>          |out<27>        |   16.428|
in<4>          |out<28>        |   15.596|
in<4>          |out<29>        |   17.053|
in<4>          |out<30>        |   14.709|
in<4>          |out<31>        |   15.329|
in<5>          |out<5>         |   15.736|
in<5>          |out<6>         |   14.552|
in<5>          |out<7>         |   14.455|
in<5>          |out<8>         |   16.237|
in<5>          |out<9>         |   16.041|
in<5>          |out<10>        |   14.394|
in<5>          |out<11>        |   15.449|
in<5>          |out<12>        |   14.963|
in<5>          |out<13>        |   16.890|
in<5>          |out<14>        |   14.040|
in<5>          |out<15>        |   14.058|
in<5>          |out<16>        |   14.498|
in<5>          |out<17>        |   15.667|
in<5>          |out<18>        |   13.146|
in<5>          |out<19>        |   15.744|
in<5>          |out<20>        |   13.889|
in<5>          |out<21>        |   17.440|
in<5>          |out<22>        |   15.486|
in<5>          |out<23>        |   14.713|
in<5>          |out<24>        |   15.925|
in<5>          |out<25>        |   15.592|
in<5>          |out<26>        |   13.918|
in<5>          |out<27>        |   16.444|
in<5>          |out<28>        |   15.306|
in<5>          |out<29>        |   17.069|
in<5>          |out<30>        |   14.833|
in<5>          |out<31>        |   15.345|
in<6>          |out<6>         |   14.212|
in<6>          |out<7>         |   13.962|
in<6>          |out<8>         |   15.897|
in<6>          |out<9>         |   14.540|
in<6>          |out<10>        |   14.054|
in<6>          |out<11>        |   14.956|
in<6>          |out<12>        |   14.623|
in<6>          |out<13>        |   14.490|
in<6>          |out<14>        |   13.700|
in<6>          |out<15>        |   13.565|
in<6>          |out<16>        |   14.158|
in<6>          |out<17>        |   15.088|
in<6>          |out<18>        |   12.806|
in<6>          |out<19>        |   15.251|
in<6>          |out<20>        |   13.549|
in<6>          |out<21>        |   14.166|
in<6>          |out<22>        |   15.146|
in<6>          |out<23>        |   14.220|
in<6>          |out<24>        |   15.585|
in<6>          |out<25>        |   14.091|
in<6>          |out<26>        |   13.578|
in<6>          |out<27>        |   15.951|
in<6>          |out<28>        |   14.966|
in<6>          |out<29>        |   15.009|
in<6>          |out<30>        |   14.493|
in<6>          |out<31>        |   14.852|
in<7>          |out<7>         |   14.601|
in<7>          |out<8>         |   16.495|
in<7>          |out<9>         |   15.179|
in<7>          |out<10>        |   15.991|
in<7>          |out<11>        |   15.595|
in<7>          |out<12>        |   15.221|
in<7>          |out<13>        |   15.129|
in<7>          |out<14>        |   14.733|
in<7>          |out<15>        |   14.204|
in<7>          |out<16>        |   14.756|
in<7>          |out<17>        |   15.727|
in<7>          |out<18>        |   14.779|
in<7>          |out<19>        |   15.890|
in<7>          |out<20>        |   14.147|
in<7>          |out<21>        |   14.805|
in<7>          |out<22>        |   15.170|
in<7>          |out<23>        |   14.859|
in<7>          |out<24>        |   16.183|
in<7>          |out<25>        |   14.730|
in<7>          |out<26>        |   15.515|
in<7>          |out<27>        |   16.590|
in<7>          |out<28>        |   15.564|
in<7>          |out<29>        |   15.648|
in<7>          |out<30>        |   15.936|
in<7>          |out<31>        |   15.491|
in<8>          |out<8>         |   16.961|
in<8>          |out<9>         |   15.352|
in<8>          |out<10>        |   16.457|
in<8>          |out<11>        |   14.970|
in<8>          |out<12>        |   15.687|
in<8>          |out<13>        |   15.302|
in<8>          |out<14>        |   15.199|
in<8>          |out<15>        |   15.320|
in<8>          |out<16>        |   15.222|
in<8>          |out<17>        |   15.900|
in<8>          |out<18>        |   15.245|
in<8>          |out<19>        |   15.587|
in<8>          |out<20>        |   14.613|
in<8>          |out<21>        |   14.978|
in<8>          |out<22>        |   15.636|
in<8>          |out<23>        |   15.686|
in<8>          |out<24>        |   16.649|
in<8>          |out<25>        |   14.903|
in<8>          |out<26>        |   15.981|
in<8>          |out<27>        |   15.965|
in<8>          |out<28>        |   16.030|
in<8>          |out<29>        |   15.821|
in<8>          |out<30>        |   16.402|
in<8>          |out<31>        |   16.608|
in<9>          |out<9>         |   15.711|
in<9>          |out<10>        |   16.584|
in<9>          |out<11>        |   15.329|
in<9>          |out<12>        |   16.595|
in<9>          |out<13>        |   15.661|
in<9>          |out<14>        |   15.326|
in<9>          |out<15>        |   15.679|
in<9>          |out<16>        |   16.584|
in<9>          |out<17>        |   16.259|
in<9>          |out<18>        |   15.372|
in<9>          |out<19>        |   15.946|
in<9>          |out<20>        |   15.322|
in<9>          |out<21>        |   15.337|
in<9>          |out<22>        |   15.763|
in<9>          |out<23>        |   16.045|
in<9>          |out<24>        |   16.802|
in<9>          |out<25>        |   15.262|
in<9>          |out<26>        |   16.108|
in<9>          |out<27>        |   16.324|
in<9>          |out<28>        |   16.938|
in<9>          |out<29>        |   16.180|
in<9>          |out<30>        |   16.529|
in<9>          |out<31>        |   16.967|
in<10>         |out<10>        |   17.192|
in<10>         |out<11>        |   15.911|
in<10>         |out<12>        |   17.203|
in<10>         |out<13>        |   15.385|
in<10>         |out<14>        |   15.934|
in<10>         |out<15>        |   16.261|
in<10>         |out<16>        |   17.192|
in<10>         |out<17>        |   16.360|
in<10>         |out<18>        |   15.980|
in<10>         |out<19>        |   16.528|
in<10>         |out<20>        |   15.930|
in<10>         |out<21>        |   15.191|
in<10>         |out<22>        |   16.371|
in<10>         |out<23>        |   16.627|
in<10>         |out<24>        |   17.410|
in<10>         |out<25>        |   15.714|
in<10>         |out<26>        |   16.716|
in<10>         |out<27>        |   16.906|
in<10>         |out<28>        |   17.546|
in<10>         |out<29>        |   15.904|
in<10>         |out<30>        |   17.137|
in<10>         |out<31>        |   17.549|
in<11>         |out<11>        |   14.898|
in<11>         |out<12>        |   15.665|
in<11>         |out<13>        |   14.372|
in<11>         |out<14>        |   14.465|
in<11>         |out<15>        |   15.248|
in<11>         |out<16>        |   15.654|
in<11>         |out<17>        |   15.347|
in<11>         |out<18>        |   14.433|
in<11>         |out<19>        |   15.515|
in<11>         |out<20>        |   14.392|
in<11>         |out<21>        |   14.178|
in<11>         |out<22>        |   15.099|
in<11>         |out<23>        |   15.614|
in<11>         |out<24>        |   15.872|
in<11>         |out<25>        |   14.701|
in<11>         |out<26>        |   13.893|
in<11>         |out<27>        |   15.893|
in<11>         |out<28>        |   16.008|
in<11>         |out<29>        |   14.891|
in<11>         |out<30>        |   15.668|
in<11>         |out<31>        |   16.536|
in<12>         |out<12>        |   16.492|
in<12>         |out<13>        |   14.431|
in<12>         |out<14>        |   15.292|
in<12>         |out<15>        |   14.695|
in<12>         |out<16>        |   16.481|
in<12>         |out<17>        |   15.406|
in<12>         |out<18>        |   15.260|
in<12>         |out<19>        |   16.421|
in<12>         |out<20>        |   15.219|
in<12>         |out<21>        |   14.237|
in<12>         |out<22>        |   15.926|
in<12>         |out<23>        |   15.234|
in<12>         |out<24>        |   16.699|
in<12>         |out<25>        |   14.760|
in<12>         |out<26>        |   14.720|
in<12>         |out<27>        |   15.220|
in<12>         |out<28>        |   16.835|
in<12>         |out<29>        |   14.950|
in<12>         |out<30>        |   16.495|
in<12>         |out<31>        |   15.983|
in<13>         |out<13>        |   15.754|
in<13>         |out<14>        |   16.444|
in<13>         |out<15>        |   16.018|
in<13>         |out<16>        |   17.544|
in<13>         |out<17>        |   16.729|
in<13>         |out<18>        |   16.412|
in<13>         |out<19>        |   17.744|
in<13>         |out<20>        |   16.287|
in<13>         |out<21>        |   15.560|
in<13>         |out<22>        |   17.078|
in<13>         |out<23>        |   16.557|
in<13>         |out<24>        |   17.762|
in<13>         |out<25>        |   16.083|
in<13>         |out<26>        |   15.872|
in<13>         |out<27>        |   16.543|
in<13>         |out<28>        |   16.790|
in<13>         |out<29>        |   16.273|
in<13>         |out<30>        |   17.647|
in<13>         |out<31>        |   17.306|
in<14>         |out<14>        |   15.044|
in<14>         |out<15>        |   15.588|
in<14>         |out<16>        |   16.144|
in<14>         |out<17>        |   16.572|
in<14>         |out<18>        |   15.012|
in<14>         |out<19>        |   17.314|
in<14>         |out<20>        |   14.887|
in<14>         |out<21>        |   16.104|
in<14>         |out<22>        |   15.678|
in<14>         |out<23>        |   16.127|
in<14>         |out<24>        |   16.362|
in<14>         |out<25>        |   16.031|
in<14>         |out<26>        |   14.472|
in<14>         |out<27>        |   16.113|
in<14>         |out<28>        |   15.390|
in<14>         |out<29>        |   15.664|
in<14>         |out<30>        |   16.247|
in<14>         |out<31>        |   16.876|
in<15>         |out<15>        |   16.626|
in<15>         |out<16>        |   18.599|
in<15>         |out<17>        |   17.610|
in<15>         |out<18>        |   16.692|
in<15>         |out<19>        |   18.352|
in<15>         |out<20>        |   17.342|
in<15>         |out<21>        |   17.142|
in<15>         |out<22>        |   18.459|
in<15>         |out<23>        |   17.165|
in<15>         |out<24>        |   18.817|
in<15>         |out<25>        |   17.069|
in<15>         |out<26>        |   16.152|
in<15>         |out<27>        |   17.151|
in<15>         |out<28>        |   17.845|
in<15>         |out<29>        |   16.702|
in<15>         |out<30>        |   17.791|
in<15>         |out<31>        |   17.914|
in<16>         |out<16>        |   17.951|
in<16>         |out<17>        |   16.937|
in<16>         |out<18>        |   16.044|
in<16>         |out<19>        |   17.855|
in<16>         |out<20>        |   16.694|
in<16>         |out<21>        |   16.469|
in<16>         |out<22>        |   17.811|
in<16>         |out<23>        |   16.615|
in<16>         |out<24>        |   18.169|
in<16>         |out<25>        |   16.396|
in<16>         |out<26>        |   15.504|
in<16>         |out<27>        |   16.654|
in<16>         |out<28>        |   17.197|
in<16>         |out<29>        |   16.029|
in<16>         |out<30>        |   17.143|
in<16>         |out<31>        |   16.709|
in<17>         |out<17>        |   16.172|
in<17>         |out<18>        |   15.645|
in<17>         |out<19>        |   17.090|
in<17>         |out<20>        |   15.868|
in<17>         |out<21>        |   15.704|
in<17>         |out<22>        |   17.412|
in<17>         |out<23>        |   15.850|
in<17>         |out<24>        |   16.403|
in<17>         |out<25>        |   15.631|
in<17>         |out<26>        |   15.105|
in<17>         |out<27>        |   15.889|
in<17>         |out<28>        |   16.371|
in<17>         |out<29>        |   15.264|
in<17>         |out<30>        |   16.744|
in<17>         |out<31>        |   15.944|
in<18>         |out<18>        |   15.011|
in<18>         |out<19>        |   17.601|
in<18>         |out<20>        |   15.234|
in<18>         |out<21>        |   16.097|
in<18>         |out<22>        |   16.778|
in<18>         |out<23>        |   16.361|
in<18>         |out<24>        |   15.769|
in<18>         |out<25>        |   15.088|
in<18>         |out<26>        |   14.471|
in<18>         |out<27>        |   16.400|
in<18>         |out<28>        |   15.737|
in<18>         |out<29>        |   15.657|
in<18>         |out<30>        |   16.110|
in<18>         |out<31>        |   16.455|
in<19>         |out<19>        |   17.737|
in<19>         |out<20>        |   16.346|
in<19>         |out<21>        |   16.233|
in<19>         |out<22>        |   17.674|
in<19>         |out<23>        |   16.497|
in<19>         |out<24>        |   16.881|
in<19>         |out<25>        |   15.224|
in<19>         |out<26>        |   15.552|
in<19>         |out<27>        |   16.536|
in<19>         |out<28>        |   16.849|
in<19>         |out<29>        |   15.793|
in<19>         |out<30>        |   17.006|
in<19>         |out<31>        |   16.591|
in<20>         |out<20>        |   15.827|
in<20>         |out<21>        |   16.645|
in<20>         |out<22>        |   17.155|
in<20>         |out<23>        |   16.820|
in<20>         |out<24>        |   16.362|
in<20>         |out<25>        |   15.636|
in<20>         |out<26>        |   15.033|
in<20>         |out<27>        |   16.053|
in<20>         |out<28>        |   16.330|
in<20>         |out<29>        |   16.205|
in<20>         |out<30>        |   16.487|
in<20>         |out<31>        |   16.791|
in<21>         |out<21>        |   17.389|
in<21>         |out<22>        |   17.624|
in<21>         |out<23>        |   17.564|
in<21>         |out<24>        |   17.450|
in<21>         |out<25>        |   16.380|
in<21>         |out<26>        |   15.502|
in<21>         |out<27>        |   16.797|
in<21>         |out<28>        |   16.213|
in<21>         |out<29>        |   16.949|
in<21>         |out<30>        |   16.956|
in<21>         |out<31>        |   17.535|
in<22>         |out<22>        |   17.439|
in<22>         |out<23>        |   17.622|
in<22>         |out<24>        |   17.265|
in<22>         |out<25>        |   16.733|
in<22>         |out<26>        |   15.317|
in<22>         |out<27>        |   16.855|
in<22>         |out<28>        |   16.028|
in<22>         |out<29>        |   15.834|
in<22>         |out<30>        |   16.771|
in<22>         |out<31>        |   17.593|
in<23>         |out<23>        |   16.912|
in<23>         |out<24>        |   17.529|
in<23>         |out<25>        |   16.023|
in<23>         |out<26>        |   15.960|
in<23>         |out<27>        |   16.145|
in<23>         |out<28>        |   16.957|
in<23>         |out<29>        |   15.124|
in<23>         |out<30>        |   17.203|
in<23>         |out<31>        |   16.883|
in<24>         |out<24>        |   16.216|
in<24>         |out<25>        |   16.915|
in<24>         |out<26>        |   14.647|
in<24>         |out<27>        |   16.171|
in<24>         |out<28>        |   15.644|
in<24>         |out<29>        |   16.016|
in<24>         |out<30>        |   15.890|
in<24>         |out<31>        |   17.144|
in<25>         |out<25>        |   16.179|
in<25>         |out<26>        |   16.127|
in<25>         |out<27>        |   15.435|
in<25>         |out<28>        |   16.971|
in<25>         |out<29>        |   15.280|
in<25>         |out<30>        |   17.370|
in<25>         |out<31>        |   16.408|
in<26>         |out<26>        |   15.560|
in<26>         |out<27>        |   16.009|
in<26>         |out<28>        |   16.404|
in<26>         |out<29>        |   16.131|
in<26>         |out<30>        |   16.803|
in<26>         |out<31>        |   16.982|
in<27>         |out<27>        |   16.131|
in<27>         |out<28>        |   16.161|
in<27>         |out<29>        |   16.253|
in<27>         |out<30>        |   16.365|
in<27>         |out<31>        |   17.104|
in<28>         |out<28>        |   16.333|
in<28>         |out<29>        |   15.273|
in<28>         |out<30>        |   16.537|
in<28>         |out<31>        |   15.749|
in<29>         |out<29>        |   16.096|
in<29>         |out<30>        |   16.209|
in<29>         |out<31>        |   16.554|
in<30>         |out<30>        |   15.689|
in<30>         |out<31>        |   16.830|
in<31>         |out<31>        |   15.556|
sha<0>         |out<0>         |   14.098|
sha<0>         |out<1>         |   14.609|
sha<0>         |out<2>         |   15.354|
sha<0>         |out<3>         |   14.925|
sha<0>         |out<4>         |   15.845|
sha<0>         |out<5>         |   16.777|
sha<0>         |out<6>         |   16.346|
sha<0>         |out<7>         |   15.649|
sha<0>         |out<8>         |   17.892|
sha<0>         |out<9>         |   17.082|
sha<0>         |out<10>        |   17.388|
sha<0>         |out<11>        |   16.643|
sha<0>         |out<12>        |   17.139|
sha<0>         |out<13>        |   17.931|
sha<0>         |out<14>        |   16.740|
sha<0>         |out<15>        |   16.149|
sha<0>         |out<16>        |   17.840|
sha<0>         |out<17>        |   17.225|
sha<0>         |out<18>        |   16.708|
sha<0>         |out<19>        |   18.940|
sha<0>         |out<20>        |   16.921|
sha<0>         |out<21>        |   18.481|
sha<0>         |out<22>        |   18.465|
sha<0>         |out<23>        |   17.897|
sha<0>         |out<24>        |   18.058|
sha<0>         |out<25>        |   16.755|
sha<0>         |out<26>        |   16.912|
sha<0>         |out<27>        |   17.739|
sha<0>         |out<28>        |   17.424|
sha<0>         |out<29>        |   18.110|
sha<0>         |out<30>        |   17.943|
sha<0>         |out<31>        |   17.868|
sha<1>         |out<0>         |   14.009|
sha<1>         |out<1>         |   14.176|
sha<1>         |out<2>         |   15.285|
sha<1>         |out<3>         |   14.874|
sha<1>         |out<4>         |   15.756|
sha<1>         |out<5>         |   14.684|
sha<1>         |out<6>         |   16.277|
sha<1>         |out<7>         |   14.043|
sha<1>         |out<8>         |   16.866|
sha<1>         |out<9>         |   15.720|
sha<1>         |out<10>        |   15.943|
sha<1>         |out<11>        |   15.512|
sha<1>         |out<12>        |   17.050|
sha<1>         |out<13>        |   15.838|
sha<1>         |out<14>        |   15.765|
sha<1>         |out<15>        |   15.862|
sha<1>         |out<16>        |   17.627|
sha<1>         |out<17>        |   15.544|
sha<1>         |out<18>        |   15.930|
sha<1>         |out<19>        |   17.310|
sha<1>         |out<20>        |   16.514|
sha<1>         |out<21>        |   17.586|
sha<1>         |out<22>        |   17.697|
sha<1>         |out<23>        |   16.566|
sha<1>         |out<24>        |   17.845|
sha<1>         |out<25>        |   16.577|
sha<1>         |out<26>        |   16.701|
sha<1>         |out<27>        |   16.574|
sha<1>         |out<28>        |   17.108|
sha<1>         |out<29>        |   17.146|
sha<1>         |out<30>        |   17.944|
sha<1>         |out<31>        |   18.277|
sha<2>         |out<0>         |   11.781|
sha<2>         |out<1>         |   13.155|
sha<2>         |out<2>         |   10.753|
sha<2>         |out<3>         |   11.878|
sha<2>         |out<4>         |   13.101|
sha<2>         |out<5>         |   13.052|
sha<2>         |out<6>         |   12.911|
sha<2>         |out<7>         |   14.434|
sha<2>         |out<8>         |   13.551|
sha<2>         |out<9>         |   14.699|
sha<2>         |out<10>        |   13.508|
sha<2>         |out<11>        |   12.694|
sha<2>         |out<12>        |   14.395|
sha<2>         |out<13>        |   14.206|
sha<2>         |out<14>        |   12.745|
sha<2>         |out<15>        |   14.037|
sha<2>         |out<16>        |   14.707|
sha<2>         |out<17>        |   14.262|
sha<2>         |out<18>        |   12.833|
sha<2>         |out<19>        |   15.065|
sha<2>         |out<20>        |   13.859|
sha<2>         |out<21>        |   14.756|
sha<2>         |out<22>        |   14.515|
sha<2>         |out<23>        |   14.692|
sha<2>         |out<24>        |   14.925|
sha<2>         |out<25>        |   14.081|
sha<2>         |out<26>        |   14.221|
sha<2>         |out<27>        |   13.864|
sha<2>         |out<28>        |   15.283|
sha<2>         |out<29>        |   14.385|
sha<2>         |out<30>        |   13.948|
sha<2>         |out<31>        |   15.776|
sha<3>         |out<0>         |   12.858|
sha<3>         |out<1>         |   12.129|
sha<3>         |out<2>         |   13.006|
sha<3>         |out<3>         |   14.042|
sha<3>         |out<4>         |   13.508|
sha<3>         |out<5>         |   12.960|
sha<3>         |out<6>         |   11.920|
sha<3>         |out<7>         |   11.868|
sha<3>         |out<8>         |   15.843|
sha<3>         |out<9>         |   13.587|
sha<3>         |out<10>        |   12.934|
sha<3>         |out<11>        |   11.265|
sha<3>         |out<12>        |   13.074|
sha<3>         |out<13>        |   11.973|
sha<3>         |out<14>        |   11.408|
sha<3>         |out<15>        |   11.224|
sha<3>         |out<16>        |   13.252|
sha<3>         |out<17>        |   14.805|
sha<3>         |out<18>        |   12.347|
sha<3>         |out<19>        |   13.270|
sha<3>         |out<20>        |   11.977|
sha<3>         |out<21>        |   13.145|
sha<3>         |out<22>        |   12.508|
sha<3>         |out<23>        |   15.598|
sha<3>         |out<24>        |   15.567|
sha<3>         |out<25>        |   14.270|
sha<3>         |out<26>        |   14.286|
sha<3>         |out<27>        |   15.720|
sha<3>         |out<28>        |   17.948|
sha<3>         |out<29>        |   15.392|
sha<3>         |out<30>        |   15.453|
sha<3>         |out<31>        |   16.464|
sha<4>         |out<0>         |   11.901|
sha<4>         |out<1>         |   11.786|
sha<4>         |out<2>         |   11.507|
sha<4>         |out<3>         |   11.991|
sha<4>         |out<4>         |   11.903|
sha<4>         |out<5>         |   11.124|
sha<4>         |out<6>         |   12.479|
sha<4>         |out<7>         |   11.738|
sha<4>         |out<8>         |   12.086|
sha<4>         |out<9>         |   12.163|
sha<4>         |out<10>        |   11.914|
sha<4>         |out<11>        |   11.617|
sha<4>         |out<12>        |   12.606|
sha<4>         |out<13>        |   11.979|
sha<4>         |out<14>        |   11.307|
sha<4>         |out<15>        |   10.952|
sha<4>         |out<16>        |   12.364|
sha<4>         |out<17>        |   11.670|
sha<4>         |out<18>        |   11.322|
sha<4>         |out<19>        |   12.990|
sha<4>         |out<20>        |   12.218|
sha<4>         |out<21>        |   13.281|
sha<4>         |out<22>        |   12.926|
sha<4>         |out<23>        |   11.680|
sha<4>         |out<24>        |   12.626|
sha<4>         |out<25>        |   11.094|
sha<4>         |out<26>        |   11.347|
sha<4>         |out<27>        |   11.572|
sha<4>         |out<28>        |   12.949|
sha<4>         |out<29>        |   12.017|
sha<4>         |out<30>        |   11.927|
sha<4>         |out<31>        |   12.357|
---------------+---------------+---------+


Analysis completed Sun Oct 06 08:26:38 2013 
--------------------------------------------------------------------------------

Trace Settings:
-------------------------
Trace Settings 

Peak Memory Usage: 143 MB



