Release 12.4 - xst M.81d (nt64)
Copyright (c) 1995-2010 Xilinx, Inc.  All rights reserved.
--> Parameter TMPDIR set to xst/projnav.tmp


Total REAL time to Xst completion: 0.00 secs
Total CPU time to Xst completion: 0.08 secs
 
--> Parameter xsthdpdir set to xst


Total REAL time to Xst completion: 0.00 secs
Total CPU time to Xst completion: 0.09 secs
 
--> Reading design: Shifter.prj

TABLE OF CONTENTS
  1) Synthesis Options Summary
  2) HDL Compilation
  3) Design Hierarchy Analysis
  4) HDL Analysis
  5) HDL Synthesis
     5.1) HDL Synthesis Report
  6) Advanced HDL Synthesis
     6.1) Advanced HDL Synthesis Report
  7) Low Level Synthesis
  8) Partition Report
  9) Final Report
	9.1) Device utilization summary
	9.2) Partition Resource Summary
	9.3) TIMING REPORT


=========================================================================
*                      Synthesis Options Summary                        *
=========================================================================
---- Source Parameters
Input File Name                    : "Shifter.prj"
Input Format                       : mixed
Ignore Synthesis Constraint File   : NO

---- Target Parameters
Output File Name                   : "Shifter"
Output Format                      : NGC
Target Device                      : xc3s400-4-pq208

---- Source Options
Top Module Name                    : Shifter
Automatic FSM Extraction           : YES
FSM Encoding Algorithm             : Auto
Safe Implementation                : No
FSM Style                          : LUT
RAM Extraction                     : Yes
RAM Style                          : Auto
ROM Extraction                     : Yes
Mux Style                          : Auto
Decoder Extraction                 : YES
Priority Encoder Extraction        : Yes
Shift Register Extraction          : YES
Logical Shifter Extraction         : YES
XOR Collapsing                     : YES
ROM Style                          : Auto
Mux Extraction                     : Yes
Resource Sharing                   : YES
Asynchronous To Synchronous        : NO
Multiplier Style                   : Auto
Automatic Register Balancing       : No

---- Target Options
Add IO Buffers                     : YES
Global Maximum Fanout              : 500
Add Generic Clock Buffer(BUFG)     : 8
Register Duplication               : YES
Slice Packing                      : YES
Optimize Instantiated Primitives   : NO
Use Clock Enable                   : Yes
Use Synchronous Set                : Yes
Use Synchronous Reset              : Yes
Pack IO Registers into IOBs        : Auto
Equivalent register Removal        : YES

---- General Options
Optimization Goal                  : Speed
Optimization Effort                : 1
Keep Hierarchy                     : No
Netlist Hierarchy                  : As_Optimized
RTL Output                         : Yes
Global Optimization                : AllClockNets
Read Cores                         : YES
Write Timing Constraints           : NO
Cross Clock Analysis               : NO
Hierarchy Separator                : /
Bus Delimiter                      : <>
Case Specifier                     : Maintain
Slice Utilization Ratio            : 100
BRAM Utilization Ratio             : 100
Verilog 2001                       : YES
Auto BRAM Packing                  : NO
Slice Utilization Ratio Delta      : 5

=========================================================================


=========================================================================
*                          HDL Compilation                              *
=========================================================================
Compiling verilog file "MUX32.v" in library work
Compiling verilog file "shAmount.v" in library work
Module <MUX32> compiled
Compiling verilog file "RightShifterLog.v" in library work
Module <shAmount> compiled
Compiling verilog file "RightShifterArith.v" in library work
Module <RightShifterLog> compiled
Compiling verilog file "LeftShifter.v" in library work
Module <RightShifterArith> compiled
Compiling verilog file "Shifter.v" in library work
Module <LeftShifter> compiled
Module <Shifter> compiled
No errors in compilation
Analysis of file <"Shifter.prj"> succeeded.
 

=========================================================================
*                     Design Hierarchy Analysis                         *
=========================================================================
Analyzing hierarchy for module <Shifter> in library <work>.

Analyzing hierarchy for module <LeftShifter> in library <work>.

Analyzing hierarchy for module <RightShifterArith> in library <work>.

Analyzing hierarchy for module <RightShifterLog> in library <work>.

Analyzing hierarchy for module <shAmount> in library <work>.

Analyzing hierarchy for module <MUX32> in library <work>.


=========================================================================
*                            HDL Analysis                               *
=========================================================================
Analyzing top module <Shifter>.
Module <Shifter> is correct for synthesis.
 
Analyzing module <LeftShifter> in library <work>.
Module <LeftShifter> is correct for synthesis.
 
Analyzing module <MUX32> in library <work>.
Module <MUX32> is correct for synthesis.
 
Analyzing module <RightShifterArith> in library <work>.
Module <RightShifterArith> is correct for synthesis.
 
Analyzing module <RightShifterLog> in library <work>.
Module <RightShifterLog> is correct for synthesis.
 
Analyzing module <shAmount> in library <work>.
Module <shAmount> is correct for synthesis.
 

=========================================================================
*                           HDL Synthesis                               *
=========================================================================

Performing bidirectional port resolution...

Synthesizing Unit <shAmount>.
    Related source file is "shAmount.v".
Unit <shAmount> synthesized.


Synthesizing Unit <MUX32>.
    Related source file is "MUX32.v".
Unit <MUX32> synthesized.


Synthesizing Unit <LeftShifter>.
    Related source file is "LeftShifter.v".
Unit <LeftShifter> synthesized.


Synthesizing Unit <RightShifterArith>.
    Related source file is "RightShifterArith.v".
Unit <RightShifterArith> synthesized.


Synthesizing Unit <RightShifterLog>.
    Related source file is "RightShifterLog.v".
Unit <RightShifterLog> synthesized.


Synthesizing Unit <Shifter>.
    Related source file is "Shifter.v".
Unit <Shifter> synthesized.


=========================================================================
HDL Synthesis Report

Found no macro
=========================================================================

=========================================================================
*                       Advanced HDL Synthesis                          *
=========================================================================


=========================================================================
Advanced HDL Synthesis Report

Found no macro
=========================================================================

=========================================================================
*                         Low Level Synthesis                           *
=========================================================================

Optimizing unit <Shifter> ...

Mapping all equations...
Building and optimizing final netlist ...
Found area constraint ratio of 100 (+ 5) on block Shifter, actual ratio is 6.

Final Macro Processing ...

=========================================================================
Final Register Report

Found no macro
=========================================================================

=========================================================================
*                           Partition Report                            *
=========================================================================

Partition Implementation Status
-------------------------------

  No Partitions were found in this design.

-------------------------------

=========================================================================
*                            Final Report                               *
=========================================================================
Final Results
RTL Top Level Output File Name     : Shifter.ngr
Top Level Output File Name         : Shifter
Output Format                      : NGC
Optimization Goal                  : Speed
Keep Hierarchy                     : No

Design Statistics
# IOs                              : 104

Cell Usage :
# BELS                             : 407
#      INV                         : 2
#      LUT2                        : 11
#      LUT3                        : 189
#      LUT4                        : 148
#      MUXF5                       : 57
# IO Buffers                       : 104
#      IBUF                        : 72
#      OBUF                        : 32
=========================================================================

Device utilization summary:
---------------------------

Selected Device : 3s400pq208-4 

 Number of Slices:                      196  out of   3584     5%  
 Number of 4 input LUTs:                350  out of   7168     4%  
 Number of IOs:                         104
 Number of bonded IOBs:                 104  out of    141    73%  

---------------------------
Partition Resource Summary:
---------------------------

  No Partitions were found in this design.

---------------------------


=========================================================================
TIMING REPORT

NOTE: THESE TIMING NUMBERS ARE ONLY A SYNTHESIS ESTIMATE.
      FOR ACCURATE TIMING INFORMATION PLEASE REFER TO THE TRACE REPORT
      GENERATED AFTER PLACE-and-ROUTE.

Clock Information:
------------------
No clock signals found in this design

Asynchronous Control Signals Information:
----------------------------------------
No asynchronous control signals found in this design

Timing Summary:
---------------
Speed Grade: -4

   Minimum period: No path found
   Minimum input arrival time before clock: No path found
   Maximum output required time after clock: No path found
   Maximum combinational path delay: 22.690ns

Timing Detail:
--------------
All values displayed in nanoseconds (ns)

=========================================================================
Timing constraint: Default path analysis
  Total number of paths / destination ports: 9502 / 32
-------------------------------------------------------------------------
Delay:               22.690ns (Levels of Logic = 13)
  Source:            RegImm (PAD)
  Destination:       out<25> (PAD)

  Data Path: RegImm to out<25>
                                Gate     Net
    Cell:in->out      fanout   Delay   Delay  Logical Name (Net Name)
    ----------------------------------------  ------------
     IBUF:I->O            16   0.821   1.576  RegImm_IBUF (RegImm_IBUF)
     LUT3:I0->O           69   0.551   2.404  shamt/sha<0>1 (sha<0>)
     LUT3:I0->O            5   0.551   1.116  rsa/A<29>1 (rsa/A<29>)
     LUT4:I1->O            4   0.551   0.943  rsl/s2/C<29>1 (rsl/B<29>)
     LUT4:I3->O            1   0.551   0.000  out<17>1121 (out<17>1121)
     MUXF5:I1->O           2   0.360   1.216  out<17>112_f5 (out<17>112)
     LUT3:I0->O            1   0.551   0.000  out<25>1442 (out<25>1441)
     MUXF5:I0->O           4   0.360   0.985  out<25>144_f5 (N7)
     LUT4:I2->O            1   0.551   0.000  out<25>66_SW0_SW01 (out<25>66_SW0_SW0)
     MUXF5:I1->O           1   0.360   0.869  out<25>66_SW0_SW0_f5 (N142)
     LUT4:I2->O            1   0.551   0.827  out<25>66_SW0 (N124)
     LUT4:I3->O            1   0.551   0.801  out<25>66 (out_25_OBUF)
     OBUF:I->O                 5.644          out_25_OBUF (out<25>)
    ----------------------------------------
    Total                     22.690ns (11.953ns logic, 10.737ns route)
                                       (52.7% logic, 47.3% route)

=========================================================================


Total REAL time to Xst completion: 9.00 secs
Total CPU time to Xst completion: 9.07 secs
 
--> 

Total memory usage is 261028 kilobytes

Number of errors   :    0 (   0 filtered)
Number of warnings :    0 (   0 filtered)
Number of infos    :    0 (   0 filtered)

