Release 12.4 Map M.81d (nt64)
Xilinx Mapping Report File for Design 'Shifter'

Design Information
------------------
Command Line   : map -intstyle ise -p xc3s400-pq208-4 -cm area -ir off -pr off
-c 100 -o Shifter_map.ncd Shifter.ngd Shifter.pcf 
Target Device  : xc3s400
Target Package : pq208
Target Speed   : -4
Mapper Version : spartan3 -- $Revision: 1.52.76.2 $
Mapped Date    : Mon Oct 21 14:40:14 2013

Design Summary
--------------
Number of errors:      0
Number of warnings:    8
Logic Utilization:
  Number of 4 input LUTs:               346 out of   7,168    4%
Logic Distribution:
  Number of occupied Slices:            179 out of   3,584    4%
    Number of Slices containing only related logic:     179 out of     179 100%
    Number of Slices containing unrelated logic:          0 out of     179   0%
      *See NOTES below for an explanation of the effects of unrelated logic.
  Total Number of 4 input LUTs:         354 out of   7,168    4%
    Number used as logic:               346
    Number used as a route-thru:          8

  The Slice Logic Distribution report is not meaningful if the design is
  over-mapped for a non-slice resource or if Placement fails.

  Number of bonded IOBs:                104 out of     141   73%

Average Fanout of Non-Clock Nets:                3.49

Peak Memory Usage:  232 MB
Total REAL time to MAP completion:  1 secs 
Total CPU time to MAP completion:   1 secs 

NOTES:

   Related logic is defined as being logic that shares connectivity - e.g. two
   LUTs are "related" if they share common inputs.  When assembling slices,
   Map gives priority to combine logic that is related.  Doing so results in
   the best timing performance.

   Unrelated logic shares no connectivity.  Map will only begin packing
   unrelated logic into a slice once 99% of the slices are occupied through
   related logic packing.

   Note that once logic distribution reaches the 99% level through related
   logic packing, this does not mean the device is completely utilized.
   Unrelated logic packing will then begin, continuing until all usable LUTs
   and FFs are occupied.  Depending on your timing budget, increased levels of
   unrelated logic packing may adversely affect the overall timing performance
   of your design.

Table of Contents
-----------------
Section 1 - Errors
Section 2 - Warnings
Section 3 - Informational
Section 4 - Removed Logic Summary
Section 5 - Removed Logic
Section 6 - IOB Properties
Section 7 - RPMs
Section 8 - Guide Report
Section 9 - Area Group and Partition Summary
Section 10 - Timing Report
Section 11 - Configuration String Information
Section 12 - Control Set Information
Section 13 - Utilization by Hierarchy

Section 1 - Errors
------------------

Section 2 - Warnings
--------------------
WARNING:Pack:266 - The function generator rsa/A<2>1 failed to merge with F5
   multiplexer out<0>45_SW0_f5.  There is a conflict for the FXMUX.  The design
   will exhibit suboptimal timing.
WARNING:Pack:266 - The function generator ls/s2/C<23>1 failed to merge with F5
   multiplexer out<27>111_f5.  There is a conflict for the FXMUX.  The design
   will exhibit suboptimal timing.
WARNING:Pack:266 - The function generator rsa/C<17>1 failed to merge with F5
   multiplexer out<9>9_f5.  There is a conflict for the FXMUX.  The design will
   exhibit suboptimal timing.
WARNING:Pack:266 - The function generator ls/s2/C<26>1 failed to merge with F5
   multiplexer out<30>44_f5.  There is a conflict for the FXMUX.  The design
   will exhibit suboptimal timing.
WARNING:Pack:266 - The function generator ls/s2/C<20>1 failed to merge with F5
   multiplexer out<24>11_f5.  There is a conflict for the FXMUX.  The design
   will exhibit suboptimal timing.
WARNING:Pack:266 - The function generator rsa/A<3>1 failed to merge with F5
   multiplexer out<1>41_SW0_f5.  There is a conflict for the FXMUX.  The design
   will exhibit suboptimal timing.
WARNING:Pack:266 - The function generator rsa/C<19>1 failed to merge with F5
   multiplexer out<11>9_f5.  There is a conflict for the FXMUX.  The design will
   exhibit suboptimal timing.
WARNING:Pack:266 - The function generator ls/s2/C<21>1 failed to merge with F5
   multiplexer out<25>117_f5.  There is a conflict for the FXMUX.  The design
   will exhibit suboptimal timing.

Section 3 - Informational
-------------------------
INFO:MapLib:562 - No environment variables are currently set.
INFO:LIT:244 - All of the single ended outputs in this design are using slew
   rate limited output drivers. The delay on speed critical single ended outputs
   can be dramatically reduced by designating them as fast outputs.

Section 4 - Removed Logic Summary
---------------------------------

Section 5 - Removed Logic
-------------------------

To enable printing of redundant blocks removed and signals merged, set the
detailed map report option and rerun map.

Section 6 - IOB Properties
--------------------------

+---------------------------------------------------------------------------------------------------------------------------------------------------------+
| IOB Name                           | Type             | Direction | IO Standard          | Diff  | Drive    | Slew | Reg (s)      | Resistor | IOB      |
|                                    |                  |           |                      | Term  | Strength | Rate |              |          | Delay    |
+---------------------------------------------------------------------------------------------------------------------------------------------------------+
| AL                                 | IOB              | INPUT     | LVCMOS25             |       |          |      |              |          |          |
| RegImm                             | IOB              | INPUT     | LVCMOS25             |       |          |      |              |          |          |
| leftRight                          | IOB              | INPUT     | LVCMOS25             |       |          |      |              |          |          |
| out<0>                             | IOB              | OUTPUT    | LVCMOS25             |       | 12       | SLOW |              |          |          |
| out<1>                             | IOB              | OUTPUT    | LVCMOS25             |       | 12       | SLOW |              |          |          |
| out<2>                             | IOB              | OUTPUT    | LVCMOS25             |       | 12       | SLOW |              |          |          |
| out<3>                             | IOB              | OUTPUT    | LVCMOS25             |       | 12       | SLOW |              |          |          |
| out<4>                             | IOB              | OUTPUT    | LVCMOS25             |       | 12       | SLOW |              |          |          |
| out<5>                             | IOB              | OUTPUT    | LVCMOS25             |       | 12       | SLOW |              |          |          |
| out<6>                             | IOB              | OUTPUT    | LVCMOS25             |       | 12       | SLOW |              |          |          |
| out<7>                             | IOB              | OUTPUT    | LVCMOS25             |       | 12       | SLOW |              |          |          |
| out<8>                             | IOB              | OUTPUT    | LVCMOS25             |       | 12       | SLOW |              |          |          |
| out<9>                             | IOB              | OUTPUT    | LVCMOS25             |       | 12       | SLOW |              |          |          |
| out<10>                            | IOB              | OUTPUT    | LVCMOS25             |       | 12       | SLOW |              |          |          |
| out<11>                            | IOB              | OUTPUT    | LVCMOS25             |       | 12       | SLOW |              |          |          |
| out<12>                            | IOB              | OUTPUT    | LVCMOS25             |       | 12       | SLOW |              |          |          |
| out<13>                            | IOB              | OUTPUT    | LVCMOS25             |       | 12       | SLOW |              |          |          |
| out<14>                            | IOB              | OUTPUT    | LVCMOS25             |       | 12       | SLOW |              |          |          |
| out<15>                            | IOB              | OUTPUT    | LVCMOS25             |       | 12       | SLOW |              |          |          |
| out<16>                            | IOB              | OUTPUT    | LVCMOS25             |       | 12       | SLOW |              |          |          |
| out<17>                            | IOB              | OUTPUT    | LVCMOS25             |       | 12       | SLOW |              |          |          |
| out<18>                            | IOB              | OUTPUT    | LVCMOS25             |       | 12       | SLOW |              |          |          |
| out<19>                            | IOB              | OUTPUT    | LVCMOS25             |       | 12       | SLOW |              |          |          |
| out<20>                            | IOB              | OUTPUT    | LVCMOS25             |       | 12       | SLOW |              |          |          |
| out<21>                            | IOB              | OUTPUT    | LVCMOS25             |       | 12       | SLOW |              |          |          |
| out<22>                            | IOB              | OUTPUT    | LVCMOS25             |       | 12       | SLOW |              |          |          |
| out<23>                            | IOB              | OUTPUT    | LVCMOS25             |       | 12       | SLOW |              |          |          |
| out<24>                            | IOB              | OUTPUT    | LVCMOS25             |       | 12       | SLOW |              |          |          |
| out<25>                            | IOB              | OUTPUT    | LVCMOS25             |       | 12       | SLOW |              |          |          |
| out<26>                            | IOB              | OUTPUT    | LVCMOS25             |       | 12       | SLOW |              |          |          |
| out<27>                            | IOB              | OUTPUT    | LVCMOS25             |       | 12       | SLOW |              |          |          |
| out<28>                            | IOB              | OUTPUT    | LVCMOS25             |       | 12       | SLOW |              |          |          |
| out<29>                            | IOB              | OUTPUT    | LVCMOS25             |       | 12       | SLOW |              |          |          |
| out<30>                            | IOB              | OUTPUT    | LVCMOS25             |       | 12       | SLOW |              |          |          |
| out<31>                            | IOB              | OUTPUT    | LVCMOS25             |       | 12       | SLOW |              |          |          |
| rs<0>                              | IOB              | INPUT     | LVCMOS25             |       |          |      |              |          |          |
| rs<1>                              | IOB              | INPUT     | LVCMOS25             |       |          |      |              |          |          |
| rs<2>                              | IOB              | INPUT     | LVCMOS25             |       |          |      |              |          |          |
| rs<3>                              | IOB              | INPUT     | LVCMOS25             |       |          |      |              |          |          |
| rs<4>                              | IOB              | INPUT     | LVCMOS25             |       |          |      |              |          |          |
| rs<5>                              | IOB              | INPUT     | LVCMOS25             |       |          |      |              |          |          |
| rs<6>                              | IOB              | INPUT     | LVCMOS25             |       |          |      |              |          |          |
| rs<7>                              | IOB              | INPUT     | LVCMOS25             |       |          |      |              |          |          |
| rs<8>                              | IOB              | INPUT     | LVCMOS25             |       |          |      |              |          |          |
| rs<9>                              | IOB              | INPUT     | LVCMOS25             |       |          |      |              |          |          |
| rs<10>                             | IOB              | INPUT     | LVCMOS25             |       |          |      |              |          |          |
| rs<11>                             | IOB              | INPUT     | LVCMOS25             |       |          |      |              |          |          |
| rs<12>                             | IOB              | INPUT     | LVCMOS25             |       |          |      |              |          |          |
| rs<13>                             | IOB              | INPUT     | LVCMOS25             |       |          |      |              |          |          |
| rs<14>                             | IOB              | INPUT     | LVCMOS25             |       |          |      |              |          |          |
| rs<15>                             | IOB              | INPUT     | LVCMOS25             |       |          |      |              |          |          |
| rs<16>                             | IOB              | INPUT     | LVCMOS25             |       |          |      |              |          |          |
| rs<17>                             | IOB              | INPUT     | LVCMOS25             |       |          |      |              |          |          |
| rs<18>                             | IOB              | INPUT     | LVCMOS25             |       |          |      |              |          |          |
| rs<19>                             | IOB              | INPUT     | LVCMOS25             |       |          |      |              |          |          |
| rs<20>                             | IOB              | INPUT     | LVCMOS25             |       |          |      |              |          |          |
| rs<21>                             | IOB              | INPUT     | LVCMOS25             |       |          |      |              |          |          |
| rs<22>                             | IOB              | INPUT     | LVCMOS25             |       |          |      |              |          |          |
| rs<23>                             | IOB              | INPUT     | LVCMOS25             |       |          |      |              |          |          |
| rs<24>                             | IOB              | INPUT     | LVCMOS25             |       |          |      |              |          |          |
| rs<25>                             | IOB              | INPUT     | LVCMOS25             |       |          |      |              |          |          |
| rs<26>                             | IOB              | INPUT     | LVCMOS25             |       |          |      |              |          |          |
| rs<27>                             | IOB              | INPUT     | LVCMOS25             |       |          |      |              |          |          |
| rs<28>                             | IOB              | INPUT     | LVCMOS25             |       |          |      |              |          |          |
| rs<29>                             | IOB              | INPUT     | LVCMOS25             |       |          |      |              |          |          |
| rs<30>                             | IOB              | INPUT     | LVCMOS25             |       |          |      |              |          |          |
| rs<31>                             | IOB              | INPUT     | LVCMOS25             |       |          |      |              |          |          |
| rt<0>                              | IOB              | INPUT     | LVCMOS25             |       |          |      |              |          |          |
| rt<1>                              | IOB              | INPUT     | LVCMOS25             |       |          |      |              |          |          |
| rt<2>                              | IOB              | INPUT     | LVCMOS25             |       |          |      |              |          |          |
| rt<3>                              | IOB              | INPUT     | LVCMOS25             |       |          |      |              |          |          |
| rt<4>                              | IOB              | INPUT     | LVCMOS25             |       |          |      |              |          |          |
| rt<5>                              | IOB              | INPUT     | LVCMOS25             |       |          |      |              |          |          |
| rt<6>                              | IOB              | INPUT     | LVCMOS25             |       |          |      |              |          |          |
| rt<7>                              | IOB              | INPUT     | LVCMOS25             |       |          |      |              |          |          |
| rt<8>                              | IOB              | INPUT     | LVCMOS25             |       |          |      |              |          |          |
| rt<9>                              | IOB              | INPUT     | LVCMOS25             |       |          |      |              |          |          |
| rt<10>                             | IOB              | INPUT     | LVCMOS25             |       |          |      |              |          |          |
| rt<11>                             | IOB              | INPUT     | LVCMOS25             |       |          |      |              |          |          |
| rt<12>                             | IOB              | INPUT     | LVCMOS25             |       |          |      |              |          |          |
| rt<13>                             | IOB              | INPUT     | LVCMOS25             |       |          |      |              |          |          |
| rt<14>                             | IOB              | INPUT     | LVCMOS25             |       |          |      |              |          |          |
| rt<15>                             | IOB              | INPUT     | LVCMOS25             |       |          |      |              |          |          |
| rt<16>                             | IOB              | INPUT     | LVCMOS25             |       |          |      |              |          |          |
| rt<17>                             | IOB              | INPUT     | LVCMOS25             |       |          |      |              |          |          |
| rt<18>                             | IOB              | INPUT     | LVCMOS25             |       |          |      |              |          |          |
| rt<19>                             | IOB              | INPUT     | LVCMOS25             |       |          |      |              |          |          |
| rt<20>                             | IOB              | INPUT     | LVCMOS25             |       |          |      |              |          |          |
| rt<21>                             | IOB              | INPUT     | LVCMOS25             |       |          |      |              |          |          |
| rt<22>                             | IOB              | INPUT     | LVCMOS25             |       |          |      |              |          |          |
| rt<23>                             | IOB              | INPUT     | LVCMOS25             |       |          |      |              |          |          |
| rt<24>                             | IOB              | INPUT     | LVCMOS25             |       |          |      |              |          |          |
| rt<25>                             | IOB              | INPUT     | LVCMOS25             |       |          |      |              |          |          |
| rt<26>                             | IOB              | INPUT     | LVCMOS25             |       |          |      |              |          |          |
| rt<27>                             | IOB              | INPUT     | LVCMOS25             |       |          |      |              |          |          |
| rt<28>                             | IOB              | INPUT     | LVCMOS25             |       |          |      |              |          |          |
| rt<29>                             | IOB              | INPUT     | LVCMOS25             |       |          |      |              |          |          |
| rt<30>                             | IOB              | INPUT     | LVCMOS25             |       |          |      |              |          |          |
| rt<31>                             | IOB              | INPUT     | LVCMOS25             |       |          |      |              |          |          |
| sh<0>                              | IOB              | INPUT     | LVCMOS25             |       |          |      |              |          |          |
| sh<1>                              | IOB              | INPUT     | LVCMOS25             |       |          |      |              |          |          |
| sh<2>                              | IOB              | INPUT     | LVCMOS25             |       |          |      |              |          |          |
| sh<3>                              | IOB              | INPUT     | LVCMOS25             |       |          |      |              |          |          |
| sh<4>                              | IOB              | INPUT     | LVCMOS25             |       |          |      |              |          |          |
+---------------------------------------------------------------------------------------------------------------------------------------------------------+

Section 7 - RPMs
----------------

Section 8 - Guide Report
------------------------
Guide not run on this design.

Section 9 - Area Group and Partition Summary
--------------------------------------------

Partition Implementation Status
-------------------------------

  No Partitions were found in this design.

-------------------------------

Area Group Information
----------------------

  No area groups were found in this design.

----------------------

Section 10 - Timing Report
--------------------------
This design was not run using timing mode.

Section 11 - Configuration String Details
-----------------------------------------
Use the "-detail" map option to print out Configuration Strings

Section 12 - Control Set Information
------------------------------------
No control set information for this architecture.

Section 13 - Utilization by Hierarchy
-------------------------------------
Use the "-detail" map option to print out the Utilization by Hierarchy section.
